[debug] [2023-05-10T07:25:41.465Z] ----------------------------------------------------------------------
[debug] [2023-05-10T07:25:41.471Z] Command:       C:\Program Files\nodejs\node.exe C:\Users\tadas\AppData\Roaming\npm\node_modules\firebase-tools\lib\bin\firebase.js init
[debug] [2023-05-10T07:25:41.473Z] CLI Version:   12.0.0
[debug] [2023-05-10T07:25:41.473Z] Platform:      win32
[debug] [2023-05-10T07:25:41.474Z] Node Version:  v16.16.0
[debug] [2023-05-10T07:25:41.489Z] Time:          Wed May 10 2023 10:25:41 GMT+0300 (Eastern European Summer Time)
[debug] [2023-05-10T07:25:41.489Z] ----------------------------------------------------------------------
[debug] 
[debug] [2023-05-10T07:25:41.518Z] > command requires scopes: ["email","openid","https://www.googleapis.com/auth/cloudplatformprojects.readonly","https://www.googleapis.com/auth/firebase","https://www.googleapis.com/auth/cloud-platform"]
[debug] [2023-05-10T07:25:41.520Z] > authorizing via signed-in user (tadastadas81@gmail.com)
[info] 
     ######## #### ########  ######## ########     ###     ######  ########
     ##        ##  ##     ## ##       ##     ##  ##   ##  ##       ##
     ######    ##  ########  ######   ########  #########  ######  ######
     ##        ##  ##    ##  ##       ##     ## ##     ##       ## ##
     ##       #### ##     ## ######## ########  ##     ##  ######  ########

You're about to initialize a Firebase project in this directory:

  C:\Users\tadas\Documents\GitHub\Bakalauras\Frontend

[info] 
=== Project Setup
[info] 
[info] First, let's associate this project directory with a Firebase project.
[info] You can create multiple project aliases by running firebase use --add, 
[info] but for now we'll just set up a default project.
[info] 
[debug] [2023-05-10T07:26:52.794Z] >>> [apiv2][query] GET https://firebase.googleapis.com/v1beta1/projects pageSize=100
[debug] [2023-05-10T07:26:53.742Z] <<< [apiv2][status] GET https://firebase.googleapis.com/v1beta1/projects 200
[debug] [2023-05-10T07:26:53.743Z] <<< [apiv2][body] GET https://firebase.googleapis.com/v1beta1/projects [omitted]
[info] i  Using project bakalauras-8fdcd (Bakalauras) 
[info] 
=== Hosting Setup
[info] 
[info] Your public directory is the folder (relative to your project directory) that
[info] will contain Hosting assets to be uploaded with firebase deploy. If you
[info] have a build process for your assets, use your build's output directory.
[info] 
[info] +  Wrote public/404.html 
[debug] [2023-05-10T07:27:24.903Z] >>> [apiv2][query] GET https://www.gstatic.com/firebasejs/releases.json [none]
[debug] [2023-05-10T07:27:25.012Z] <<< [apiv2][status] GET https://www.gstatic.com/firebasejs/releases.json 200
[debug] [2023-05-10T07:27:25.013Z] <<< [apiv2][body] GET https://www.gstatic.com/firebasejs/releases.json {"current":{"version":"9.21.0","browserURL":"https://www.gstatic.com/firebasejs/9.21.0/firebase.js","packageURL":"https://www.gstatic.com/firebasejs/9.21.0/firebase.tgz"},"live":{"version":"9.21","browserURL":"https://www.gstatic.com/firebasejs/live/9.21/firebase.js","packageURL":"https://www.gstatic.com/firebasejs/live/9.21/firebase.tgz"},"components":{"analytics":"https://www.gstatic.com/firebasejs/9.21.0/firebase-analytics.js","app":"https://www.gstatic.com/firebasejs/9.21.0/firebase-app.js","app-check":"https://www.gstatic.com/firebasejs/9.21.0/firebase-app-check.js","auth":"https://www.gstatic.com/firebasejs/9.21.0/firebase-auth.js","auth/cordova":"https://www.gstatic.com/firebasejs/9.21.0/firebase-auth/cordova.js","auth/react-native":"https://www.gstatic.com/firebasejs/9.21.0/firebase-auth/react-native.js","functions":"https://www.gstatic.com/firebasejs/9.21.0/firebase-functions.js","firestore":"https://www.gstatic.com/firebasejs/9.21.0/firebase-firestore.js","firestore/lite":"https://www.gstatic.com/firebasejs/9.21.0/firebase-firestore/lite.js","installations":"https://www.gstatic.com/firebasejs/9.21.0/firebase-installations.js","storage":"https://www.gstatic.com/firebasejs/9.21.0/firebase-storage.js","performance":"https://www.gstatic.com/firebasejs/9.21.0/firebase-performance.js","remote-config":"https://www.gstatic.com/firebasejs/9.21.0/firebase-remote-config.js","messaging":"https://www.gstatic.com/firebasejs/9.21.0/firebase-messaging.js","messaging/sw":"https://www.gstatic.com/firebasejs/9.21.0/firebase-messaging/sw.js","database":"https://www.gstatic.com/firebasejs/9.21.0/firebase-database.js","firestore.memory":"https://www.gstatic.com/firebasejs/9.21.0/firebase-firestore.memory.js"}}
[info] i  Skipping write of public/index.html 
[info] 
[info] i  Detected a .git folder at C:\Users\tadas\Documents\GitHub\Bakalauras 
[info] i  Authorizing with GitHub to upload your service account to a GitHub repository's secrets store. 
[info] 
[info] Visit this URL on this device to log in:
[info] https://github.com/login/oauth/authorize?client_id=89cf50f02ac6aaed3484&state=672051262&redirect_uri=http%3A%2F%2Flocalhost%3A9005&scope=read%3Auser%20repo%20public_repo
[info] 
[info] Waiting for authentication...
[debug] [2023-05-10T07:27:51.627Z] >>> [apiv2][query] POST https://github.com/login/oauth/access_token [none]
[debug] [2023-05-10T07:27:51.627Z] >>> [apiv2][body] POST https://github.com/login/oauth/access_token [stream]
[debug] [2023-05-10T07:27:51.982Z] <<< [apiv2][status] POST https://github.com/login/oauth/access_token 200
[debug] [2023-05-10T07:27:51.982Z] <<< [apiv2][body] POST https://github.com/login/oauth/access_token {"access_token":"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","token_type":"bearer","scope":"read:user,repo"}
[debug] [2023-05-10T07:27:51.999Z] >>> [apiv2][query] GET https://api.github.com/user [none]
[debug] [2023-05-10T07:27:52.321Z] <<< [apiv2][status] GET https://api.github.com/user 200
[debug] [2023-05-10T07:27:52.322Z] <<< [apiv2][body] GET https://api.github.com/user {"login":"Tadooks","id":75209259,"node_id":"MDQ6VXNlcjc1MjA5MjU5","avatar_url":"https://avatars.githubusercontent.com/u/75209259?v=4","gravatar_id":"","url":"https://api.github.com/users/Tadooks","html_url":"https://github.com/Tadooks","followers_url":"https://api.github.com/users/Tadooks/followers","following_url":"https://api.github.com/users/Tadooks/following{/other_user}","gists_url":"https://api.github.com/users/Tadooks/gists{/gist_id}","starred_url":"https://api.github.com/users/Tadooks/starred{/owner}{/repo}","subscriptions_url":"https://api.github.com/users/Tadooks/subscriptions","organizations_url":"https://api.github.com/users/Tadooks/orgs","repos_url":"https://api.github.com/users/Tadooks/repos","events_url":"https://api.github.com/users/Tadooks/events{/privacy}","received_events_url":"https://api.github.com/users/Tadooks/received_events","type":"User","site_admin":false,"name":"Tadas","company":null,"blog":"","location":null,"email":null,"hireable":null,"bio":"student\r\ntadasdevenas00@gmail.com","twitter_username":null,"public_repos":4,"public_gists":0,"followers":1,"following":2,"created_at":"2020-11-29T13:30:17Z","updated_at":"2022-04-25T09:30:35Z","private_gists":1,"total_private_repos":7,"owned_private_repos":7,"disk_usage":169253,"collaborators":2,"two_factor_authentication":false,"plan":{"name":"free","space":976562499,"collaborators":0,"private_repos":10000}}
[info] 
[info] +  Success! Logged into GitHub as Tadooks 
[info] 
